<?xml version="1.0" encoding="UTF-8"?>
<!-- Generated by org.testng.reporters.JUnitReportReporter -->
<testsuite hostname="NAVEENA" failures="0" tests="1" name="ecsdigital.challenge.challenge" time="6.820" errors="0" timestamp="2021-04-09T18:51:30 IST" skipped="0">
  <testcase classname="ecsdigital.challenge.challenge" name="test" time="6.820"/>
  <system-out/>
</testsuite> <!-- ecsdigital.challenge.challenge -->
